<?xml version="1.0" encoding="UTF-8"?>
<testsuite name="Workflow_Rest_Complete_Flow.TestPostWorkflowService" tests="1" failures="0" errors="0" time="5.544"><properties><property name="java.runtime.name" value="Java(TM) SE Runtime Environment"/><property name="sun.boot.library.path" value="C:\Program Files\Java\jdk1.6.0_43\jre\bin"/><property name="java.vm.version" value="20.14-b01"/><property name="java.vm.vendor" value="Sun Microsystems Inc."/><property name="java.vendor.url" value="http://java.sun.com/"/><property name="guice.disable.misplaced.annotation.check" value="true"/><property name="path.separator" value=";"/><property name="java.vm.name" value="Java HotSpot(TM) 64-Bit Server VM"/><property name="file.encoding.pkg" value="sun.io"/><property name="sun.java.launcher" value="SUN_STANDARD"/><property name="user.country" value="IN"/><property name="sun.os.patch.level" value="Service Pack 1"/><property name="java.vm.specification.name" value="Java Virtual Machine Specification"/><property name="user.dir" value="D:\SoapUITesting\SoapEclipseWorkSpace\SoapUIWorkflow"/><property name="java.runtime.version" value="1.6.0_43-b01"/><property name="java.awt.graphicsenv" value="sun.awt.Win32GraphicsEnvironment"/><property name="java.endorsed.dirs" value="C:\Program Files\Java\jdk1.6.0_43\jre\lib\endorsed"/><property name="os.arch" value="amd64"/><property name="java.io.tmpdir" value="C:\Users\VIJAYM~1\AppData\Local\Temp\"/><property name="line.separator" value="
"/><property name="java.vm.specification.vendor" value="Sun Microsystems Inc."/><property name="user.variant" value=""/><property name="os.name" value="Windows 7"/><property name="classworlds.conf" value="C:\apache-maven-3.1.0\bin\..\bin\m2.conf"/><property name="sun.jnu.encoding" value="Cp1252"/><property name="java.library.path" value="C:\Program Files\Java\jdk1.6.0_43\bin;C:\Windows\Sun\Java\bin;C:\Windows\system32;C:\Windows;C:\Program Files\Common Files\Microsoft Shared\Windows Live;C:\Program Files (x86)\Common Files\Microsoft Shared\Windows Live;C:\Program Files\Dell\DW WLAN Card;C:\Windows\system32;C:\Windows;C:\Windows\System32\Wbem;C:\Windows\System32\WindowsPowerShell\v1.0\;c:\Program Files\WIDCOMM\Bluetooth Software\;c:\Program Files\WIDCOMM\Bluetooth Software\syswow64;C:\Program Files (x86)\Intel\OpenCL SDK\2.0\bin\x86;C:\Program Files (x86)\RSA Security\RSA SecurID Software Token\;C:\Program Files\Java\jdk1.6.0_43\bin;C:\Program Files (x86)\Windows Live\Shared;C:\Program Files\SourceGear\Common\DiffMerge\;C:\Program Files\TortoiseSVN\bin;D:\Android_Vijay\android-sdk-windows\sdk\tools;D:\Android_Vijay\android-sdk-windows\sdk\platform-tools;C:\apache-maven-3.1.0\bin;D:\JavaProject\WebServiceTesting\Softwere\jboss-eap-6.2\bin;."/><property name="java.specification.name" value="Java Platform API Specification"/><property name="java.class.version" value="50.0"/><property name="sun.management.compiler" value="HotSpot 64-Bit Tiered Compilers"/><property name="os.version" value="6.1"/><property name="user.home" value="C:\Users\Vijay Maurya"/><property name="user.timezone" value="Asia/Calcutta"/><property name="java.awt.printerjob" value="sun.awt.windows.WPrinterJob"/><property name="file.encoding" value="Cp1252"/><property name="java.specification.version" value="1.6"/><property name="java.class.path" value="C:\apache-maven-3.1.0\bin\..\boot\plexus-classworlds-2.4.2.jar"/><property name="user.name" value="Vijay Maurya"/><property name="org.slf4j.simpleLogger.defaultLogLevel" value="info"/><property name="java.vm.specification.version" value="1.0"/><property name="sun.java.command" value="org.codehaus.plexus.classworlds.launcher.Launcher test"/><property name="java.home" value="C:\Program Files\Java\jdk1.6.0_43\jre"/><property name="sun.arch.data.model" value="64"/><property name="user.language" value="en"/><property name="java.specification.vendor" value="Sun Microsystems Inc."/><property name="awt.toolkit" value="sun.awt.windows.WToolkit"/><property name="java.vm.info" value="mixed mode"/><property name="java.version" value="1.6.0_43"/><property name="java.ext.dirs" value="C:\Program Files\Java\jdk1.6.0_43\jre\lib\ext;C:\Windows\Sun\Java\lib\ext"/><property name="sun.boot.class.path" value="C:\Program Files\Java\jdk1.6.0_43\jre\lib\resources.jar;C:\Program Files\Java\jdk1.6.0_43\jre\lib\rt.jar;C:\Program Files\Java\jdk1.6.0_43\jre\lib\sunrsasign.jar;C:\Program Files\Java\jdk1.6.0_43\jre\lib\jsse.jar;C:\Program Files\Java\jdk1.6.0_43\jre\lib\jce.jar;C:\Program Files\Java\jdk1.6.0_43\jre\lib\charsets.jar;C:\Program Files\Java\jdk1.6.0_43\jre\lib\modules\jdk.boot.jar;C:\Program Files\Java\jdk1.6.0_43\jre\classes"/><property name="java.vendor" value="Sun Microsystems Inc."/><property name="maven.home" value="C:\apache-maven-3.1.0\bin\.."/><property name="file.separator" value="\"/><property name="java.vendor.url.bug" value="http://java.sun.com/cgi-bin/bugreport.cgi"/><property name="sun.io.unicode.encoding" value="UnicodeLittle"/><property name="sun.cpu.endian" value="little"/><property name="sun.desktop" value="windows"/><property name="sun.cpu.isalist" value="amd64"/></properties><testcase name="Workflow_Rest_Post_GET_HTTP_Var_URL" time="5.544"/></testsuite>